Watching for file changes with StatReloader
[07/Nov/2024 16:24:45] "GET /projects HTTP/1.1" 301 0
[07/Nov/2024 16:24:45] "GET /projects/ HTTP/1.1" 200 4354
[07/Nov/2024 16:24:45] "GET /static/projects/img/ibiza.jpg HTTP/1.1" 200 67784
[07/Nov/2024 16:24:45] "GET /static/projects/img/estrellas.jpg HTTP/1.1" 200 40102
[07/Nov/2024 16:24:45] "GET /static/projects/img/amsterdam.jpg HTTP/1.1" 200 39092
[07/Nov/2024 16:24:46] "GET /static/projects/img/plot.png HTTP/1.1" 200 13218
[07/Nov/2024 16:24:46] "GET /static/projects/img/country_economic_data.png HTTP/1.1" 200 925493
Not Found: /favicon.ico
[07/Nov/2024 16:24:46] "GET /favicon.ico HTTP/1.1" 404 2619
[07/Nov/2024 16:25:49] "GET /projects/1 HTTP/1.1" 200 1066169
Watching for file changes with StatReloader
[09/Nov/2024 01:09:05] "GET /projects HTTP/1.1" 301 0
[09/Nov/2024 01:09:05] "GET /projects/ HTTP/1.1" 200 4354
[09/Nov/2024 01:09:05] "GET /static/projects/img/ibiza.jpg HTTP/1.1" 200 67784
[09/Nov/2024 01:09:05] "GET /static/projects/img/estrellas.jpg HTTP/1.1" 200 40102
[09/Nov/2024 01:09:05] "GET /static/projects/img/amsterdam.jpg HTTP/1.1" 200 39092
[09/Nov/2024 01:09:05] "GET /static/projects/img/plot.png HTTP/1.1" 200 13218
[09/Nov/2024 01:09:05] "GET /static/projects/img/country_economic_data.png HTTP/1.1" 200 925493
Not Found: /favicon.ico
[09/Nov/2024 01:09:06] "GET /favicon.ico HTTP/1.1" 404 2623
[09/Nov/2024 01:11:07] "GET /projects/1 HTTP/1.1" 200 1066169
[09/Nov/2024 01:11:13] "GET /projects/ HTTP/1.1" 200 4354
[09/Nov/2024 01:14:02] "GET /projects/ HTTP/1.1" 200 4354
[09/Nov/2024 01:14:04] "GET /projects/1 HTTP/1.1" 200 1066169
[09/Nov/2024 01:14:08] "GET /projects/1 HTTP/1.1" 200 1066169
